17:14:00.559 [main] DEBUG api.test.UserTests - debugging.....
17:14:00.564 [main] INFO  api.test.UserTests - ********** Creating user  ***************
17:14:02.483 [main] INFO  api.test.UserTests - **********User is creatged  ***************
17:14:02.489 [main] INFO  api.test.UserTests - ********** Reading User Info ***************
17:14:03.979 [main] INFO  api.test.UserTests - **********User info  is displayed ***************
17:14:03.985 [main] INFO  api.test.UserTests - ********** Updating User ***************
17:14:05.453 [main] INFO  api.test.UserTests - ********** User updated ***************
17:14:06.847 [main] INFO  api.test.UserTests - **********   Deleting User  ***************
17:14:08.275 [main] INFO  api.test.UserTests - ********** User deleted ***************
17:56:47.518 [main] DEBUG api.test.UserTests2 - debugging.....
17:56:47.523 [main] INFO  api.test.UserTests2 - ********** Creating user  ***************
17:56:49.534 [main] INFO  api.test.UserTests2 - **********User is creatged  ***************
17:56:49.540 [main] INFO  api.test.UserTests2 - ********** Reading User Info ***************
17:56:50.987 [main] INFO  api.test.UserTests2 - **********User info  is displayed ***************
17:56:50.993 [main] INFO  api.test.UserTests2 - ********** Updating User ***************
17:56:52.528 [main] INFO  api.test.UserTests2 - ********** User updated ***************
17:56:53.862 [main] INFO  api.test.UserTests2 - **********   Deleting User  ***************
17:56:55.394 [main] INFO  api.test.UserTests2 - ********** User deleted ***************
18:10:23.438 [main] DEBUG api.test.UserTests2 - debugging.....
18:10:23.442 [main] INFO  api.test.UserTests2 - ********** Creating user  ***************
18:10:26.672 [main] INFO  api.test.UserTests2 - **********User is creatged  ***************
18:10:26.676 [main] INFO  api.test.UserTests2 - ********** Reading User Info ***************
18:10:28.206 [main] INFO  api.test.UserTests2 - **********User info  is displayed ***************
18:10:28.209 [main] INFO  api.test.UserTests2 - ********** Updating User ***************
18:10:29.595 [main] INFO  api.test.UserTests2 - ********** User updated ***************
18:10:30.926 [main] INFO  api.test.UserTests2 - **********   Deleting User  ***************
18:10:32.376 [main] INFO  api.test.UserTests2 - ********** User deleted ***************
19:35:02.769 [main] DEBUG api.test.UserTests2 - debugging.....
19:35:02.773 [main] INFO  api.test.UserTests2 - ********** Creating user  ***************
19:35:04.982 [main] INFO  api.test.UserTests2 - **********User is creatged  ***************
19:35:04.986 [main] INFO  api.test.UserTests2 - ********** Reading User Info ***************
19:35:06.368 [main] INFO  api.test.UserTests2 - **********User info  is displayed ***************
19:35:06.371 [main] INFO  api.test.UserTests2 - ********** Updating User ***************
19:35:07.902 [main] INFO  api.test.UserTests2 - ********** User updated ***************
19:35:09.438 [main] INFO  api.test.UserTests2 - **********   Deleting User  ***************
19:35:10.874 [main] INFO  api.test.UserTests2 - ********** User deleted ***************
19:49:48.888 [main] DEBUG api.test.UserTests2 - debugging.....
19:49:48.892 [main] INFO  api.test.UserTests2 - ********** Creating user  ***************
19:49:54.336 [main] INFO  api.test.UserTests2 - **********User is creatged  ***************
19:49:54.341 [main] INFO  api.test.UserTests2 - ********** Reading User Info ***************
19:49:55.726 [main] INFO  api.test.UserTests2 - **********User info  is displayed ***************
19:49:55.731 [main] INFO  api.test.UserTests2 - ********** Updating User ***************
19:49:57.261 [main] INFO  api.test.UserTests2 - ********** User updated ***************
19:50:00.228 [main] INFO  api.test.UserTests2 - **********   Deleting User  ***************
19:50:01.765 [main] INFO  api.test.UserTests2 - ********** User deleted ***************
20:09:37.603 [main] DEBUG api.test.UserTests2 - debugging.....
20:09:37.607 [main] INFO  api.test.UserTests2 - ********** Creating user  ***************
20:09:39.633 [main] INFO  api.test.UserTests2 - **********User is creatged  ***************
20:09:39.638 [main] INFO  api.test.UserTests2 - ********** Reading User Info ***************
20:09:41.127 [main] INFO  api.test.UserTests2 - **********User info  is displayed ***************
20:09:41.130 [main] INFO  api.test.UserTests2 - ********** Updating User ***************
20:09:42.661 [main] INFO  api.test.UserTests2 - ********** User updated ***************
20:09:44.103 [main] INFO  api.test.UserTests2 - **********   Deleting User  ***************
20:09:45.629 [main] INFO  api.test.UserTests2 - ********** User deleted ***************
08:07:29.295 [main] DEBUG api.test.UserTests2 - debugging.....
08:07:29.299 [main] INFO  api.test.UserTests2 - ********** Creating user  ***************
08:07:31.417 [main] INFO  api.test.UserTests2 - **********User is creatged  ***************
08:07:31.421 [main] INFO  api.test.UserTests2 - ********** Reading User Info ***************
08:07:32.910 [main] INFO  api.test.UserTests2 - **********User info  is displayed ***************
08:07:32.912 [main] INFO  api.test.UserTests2 - ********** Updating User ***************
08:07:34.446 [main] INFO  api.test.UserTests2 - ********** User updated ***************
08:07:35.778 [main] INFO  api.test.UserTests2 - **********   Deleting User  ***************
08:07:37.106 [main] INFO  api.test.UserTests2 - ********** User deleted ***************
08:07:47.769 [main] DEBUG api.test.UserTests2 - debugging.....
08:07:47.774 [main] INFO  api.test.UserTests2 - ********** Creating user  ***************
08:07:49.956 [main] INFO  api.test.UserTests2 - **********User is creatged  ***************
08:07:49.960 [main] INFO  api.test.UserTests2 - ********** Reading User Info ***************
08:07:51.345 [main] INFO  api.test.UserTests2 - **********User info  is displayed ***************
08:07:51.348 [main] INFO  api.test.UserTests2 - ********** Updating User ***************
08:07:52.878 [main] INFO  api.test.UserTests2 - ********** User updated ***************
08:07:54.313 [main] INFO  api.test.UserTests2 - **********   Deleting User  ***************
08:07:55.848 [main] INFO  api.test.UserTests2 - ********** User deleted ***************
10:27:48.541 [main] DEBUG api.test.UserTests2 - debugging.....
10:27:48.545 [main] INFO  api.test.UserTests2 - ********** Creating user  ***************
10:27:50.553 [main] INFO  api.test.UserTests2 - **********User is creatged  ***************
10:27:50.558 [main] INFO  api.test.UserTests2 - ********** Reading User Info ***************
10:27:51.788 [main] INFO  api.test.UserTests2 - **********User info  is displayed ***************
10:27:51.792 [main] INFO  api.test.UserTests2 - ********** Updating User ***************
10:27:52.998 [main] INFO  api.test.UserTests2 - ********** User updated ***************
11:55:25.215 [main] DEBUG api.test.UserTests2 - debugging.....
11:55:25.221 [main] INFO  api.test.UserTests2 - ********** Creating user  ***************
11:55:27.405 [main] INFO  api.test.UserTests2 - **********User is creatged  ***************
11:55:27.411 [main] INFO  api.test.UserTests2 - ********** Reading User Info ***************
11:55:28.999 [main] INFO  api.test.UserTests2 - **********User info  is displayed ***************
11:55:29.003 [main] INFO  api.test.UserTests2 - ********** Updating User ***************
11:55:30.485 [main] INFO  api.test.UserTests2 - ********** User updated ***************
11:55:32.075 [main] INFO  api.test.UserTests2 - **********   Deleting User  ***************
11:55:33.509 [main] INFO  api.test.UserTests2 - ********** User deleted ***************
17:06:19.281 [main] DEBUG api.test.UserTests2 - debugging.....
17:06:19.285 [main] INFO  api.test.UserTests2 - ********** Creating user  ***************
17:06:22.016 [main] INFO  api.test.UserTests2 - **********User is creatged  ***************
17:06:22.020 [main] INFO  api.test.UserTests2 - ********** Reading User Info ***************
17:06:23.923 [main] INFO  api.test.UserTests2 - **********User info  is displayed ***************
17:06:23.926 [main] INFO  api.test.UserTests2 - ********** Updating User ***************
17:06:26.043 [main] INFO  api.test.UserTests2 - ********** User updated ***************
17:06:27.678 [main] INFO  api.test.UserTests2 - **********   Deleting User  ***************
17:06:29.447 [main] INFO  api.test.UserTests2 - ********** User deleted ***************
17:11:27.683 [main] DEBUG api.test.UserTests2 - debugging.....
17:11:27.687 [main] INFO  api.test.UserTests2 - ********** Creating user  ***************
17:11:30.823 [main] INFO  api.test.UserTests2 - **********User is creatged  ***************
17:11:30.827 [main] INFO  api.test.UserTests2 - ********** Reading User Info ***************
17:11:32.351 [main] INFO  api.test.UserTests2 - **********User info  is displayed ***************
17:11:32.355 [main] INFO  api.test.UserTests2 - ********** Updating User ***************
17:11:34.191 [main] INFO  api.test.UserTests2 - ********** User updated ***************
17:11:35.887 [main] INFO  api.test.UserTests2 - **********   Deleting User  ***************
17:11:37.518 [main] INFO  api.test.UserTests2 - ********** User deleted ***************
